<?xml version="1.0" encoding="UTF-8"?>
<testsuite name="Model.ModelTest" tests="1" skipped="0" failures="0" errors="0" timestamp="2024-10-16T08:08:19" hostname="kbauer-pad" time="0.013">
  <properties/>
  <testcase name="testCompareDatalist()" classname="Model.ModelTest" time="0.013"/>
  <system-out><![CDATA[Data has been written to the file: test.ndjson
Data has been written to the file: test.ndjson
Persistence has been cleared: test.ndjson
Data has been written to the file: test.ndjson
Data has been written to the file: test.ndjson
]]></system-out>
  <system-err><![CDATA[]]></system-err>
</testsuite>
