<?xml version="1.0" encoding="UTF-8"?>
<testsuite name="Model.MainTest" tests="7" skipped="0" failures="0" errors="0" timestamp="2024-09-26T08:30:38" hostname="kbauer-pad" time="0.051">
  <properties/>
  <testcase name="testCheckUrlInvalid()" classname="Model.MainTest" time="0.033"/>
  <testcase name="testAddName()" classname="Model.MainTest" time="0.002"/>
  <testcase name="testCheckUrlValid()" classname="Model.MainTest" time="0.002"/>
  <testcase name="testAddUrlInvalid()" classname="Model.MainTest" time="0.001"/>
  <testcase name="testAddition()" classname="Model.MainTest" time="0.001"/>
  <testcase name="testCheckName()" classname="Model.MainTest" time="0.001"/>
  <testcase name="testAddUrlValid()" classname="Model.MainTest" time="0.001"/>
  <system-out><![CDATA[Wrong URL Format
Wrong URL Format
]]></system-out>
  <system-err><![CDATA[]]></system-err>
</testsuite>
