<?xml version="1.0" encoding="UTF-8"?>
<testsuite name="Model.DataTest" tests="7" skipped="0" failures="0" errors="0" timestamp="2024-10-16T13:16:42" hostname="kbauer-pad" time="0.026">
  <properties/>
  <testcase name="testCheckUrlInvalid()" classname="Model.DataTest" time="0.015"/>
  <testcase name="testAddName()" classname="Model.DataTest" time="0.001"/>
  <testcase name="testCheckUrlValid()" classname="Model.DataTest" time="0.001"/>
  <testcase name="testAddUrlInvalid()" classname="Model.DataTest" time="0.001"/>
  <testcase name="testAddition()" classname="Model.DataTest" time="0.0"/>
  <testcase name="testCheckName()" classname="Model.DataTest" time="0.001"/>
  <testcase name="testAddUrlValid()" classname="Model.DataTest" time="0.0"/>
  <system-out><![CDATA[Wrong URL Format
Wrong URL Format
]]></system-out>
  <system-err><![CDATA[]]></system-err>
</testsuite>
