<?xml version="1.0" encoding="UTF-8"?>
<testsuite name="MainTest" tests="1" skipped="0" failures="0" errors="0" timestamp="2024-09-26T06:55:05" hostname="kbauer-pad" time="0.033">
  <properties/>
  <testcase name="testAddition()" classname="MainTest" time="0.033"/>
  <system-out><![CDATA[]]></system-out>
  <system-err><![CDATA[]]></system-err>
</testsuite>
